0 info it worked if it ends with ok
1 verbose cli [ '/usr/local/bin/node', '/usr/local/bin/npm', 'start' ]
2 info using npm@3.10.10
3 info using node@v6.11.0
4 verbose run-script [ 'prestart', 'start', 'poststart' ]
5 info lifecycle node_react@1.0.0~prestart: node_react@1.0.0
6 verbose lifecycle node_react@1.0.0~prestart: unsafe-perm in lifecycle true
7 verbose lifecycle node_react@1.0.0~prestart: PATH: /usr/local/lib/node_modules/npm/bin/node-gyp-bin:/Users/eveyvonne/Documents/projects/buy/node_modules/.bin:/Library/Frameworks/Python.framework/Versions/3.6/bin:/Users/eveyvonne/anaconda/bin:/Library/Frameworks/Python.framework/Versions/3.5/bin:/usr/local/bin:/Users/eveyvonne/.rvm/gems/ruby-2.2.2/bin:/Users/eveyvonne/.rvm/gems/ruby-2.2.2@global/bin:/Users/eveyvonne/.rvm/rubies/ruby-2.2.2/bin:/usr/local/bin:/usr/bin:/bin:/usr/sbin:/sbin:/usr/local/go/bin:/Library/TeX/texbin:/Applications/Wireshark.app/Contents/MacOS:/Users/eveyvonne/.rvm/bin:/usr/local/mysql/bin:/usr/local/Cellar/postgresql/9.5.3/bin:./node_modules/.bin:/Users/eveyvonne/anaconda/bin:/Users/eveyvonne/Downloads/hbase-1.2.4/bin
8 verbose lifecycle node_react@1.0.0~prestart: CWD: /Users/eveyvonne/Documents/projects/buy
9 silly lifecycle node_react@1.0.0~prestart: Args: [ '-c', 'webpack' ]
10 silly lifecycle node_react@1.0.0~prestart: Returned: code: 2  signal: null
11 info lifecycle node_react@1.0.0~prestart: Failed to exec prestart script
12 verbose stack Error: node_react@1.0.0 prestart: `webpack`
12 verbose stack Exit status 2
12 verbose stack     at EventEmitter.<anonymous> (/usr/local/lib/node_modules/npm/lib/utils/lifecycle.js:255:16)
12 verbose stack     at emitTwo (events.js:106:13)
12 verbose stack     at EventEmitter.emit (events.js:191:7)
12 verbose stack     at ChildProcess.<anonymous> (/usr/local/lib/node_modules/npm/lib/utils/spawn.js:40:14)
12 verbose stack     at emitTwo (events.js:106:13)
12 verbose stack     at ChildProcess.emit (events.js:191:7)
12 verbose stack     at maybeClose (internal/child_process.js:891:16)
12 verbose stack     at Process.ChildProcess._handle.onexit (internal/child_process.js:226:5)
13 verbose pkgid node_react@1.0.0
14 verbose cwd /Users/eveyvonne/Documents/projects/buy
15 error Darwin 16.6.0
16 error argv "/usr/local/bin/node" "/usr/local/bin/npm" "start"
17 error node v6.11.0
18 error npm  v3.10.10
19 error code ELIFECYCLE
20 error node_react@1.0.0 prestart: `webpack`
20 error Exit status 2
21 error Failed at the node_react@1.0.0 prestart script 'webpack'.
21 error Make sure you have the latest version of node.js and npm installed.
21 error If you do, this is most likely a problem with the node_react package,
21 error not with npm itself.
21 error Tell the author that this fails on your system:
21 error     webpack
21 error You can get information on how to open an issue for this project with:
21 error     npm bugs node_react
21 error Or if that isn't available, you can get their info via:
21 error     npm owner ls node_react
21 error There is likely additional logging output above.
22 verbose exit [ 1, true ]
